# JRE version: Java(TM) SE Runtime Environment (26.0.1+8) (build 26.0.1+8-34)
# Java VM: Java HotSpot(TM) 64-Bit Server VM (26.0.1+8-34, mixed mode, sharing, tiered, compressed oops, compressed class ptrs, g1 gc, windows-amd64)
GC Precious Log:
 CardTable entry size: 512
 Card Set container configuration: InlinePtr #cards 5 size 8 Array Of Cards #cards 10 size 36 Howl #buckets 4 coarsen threshold 1843 Howl Bitmap #cards 512 size 80 coarsen threshold 460 Card regions per heap region 1 cards per card region 2048
 CPUs: 28 total, 28 available
 Memory: 16107M
 Large Page Support: Disabled
 NUMA Support: Disabled
 Compressed Oops: Enabled (32-bit)
 Heap Region Size: 1M
 Heap Min Capacity: 8M
 Heap Initial Capacity: 8M
 Heap Max Capacity: 1536M
 Pre-touch: Disabled
 Parallel Workers: 20
 Concurrent Workers: 5
 Concurrent Refinement Workers: 20
 Periodic GC: Disabled
Heap:
 garbage-first heap   total reserved 1572864K, committed 101376K, used 70602K [0x00000000a0000000, 0x0000000100000000)
  region size 1M, 0 eden (0M), 3 survivor (3M), 57 old (57M), 10 humongous (10M), 29 free (29M)
GC Heap Usage History (20 events):
Event: 3.269 {heap After GC invocations=25 (full 0):
 garbage-first heap   total reserved 1572864K, committed 99328K, used 44886K [0x00000000a0000000, 0x0000000100000000)
  region size 1M, 0 eden (0M), 4 survivor (4M), 37 old (37M), 4 humongous (4M), 52 free (52M)
}
Event: 3.603 {heap Before GC invocations=25 (full 0):
 garbage-first heap   total reserved 1572864K, committed 99328K, used 85846K [0x00000000a0000000, 0x0000000100000000)
  region size 1M, 39 eden (39M), 4 survivor (4M), 37 old (37M), 6 humongous (6M), 11 free (11M)
}
Event: 3.605 {heap After GC invocations=26 (full 0):
 garbage-first heap   total reserved 1572864K, committed 99328K, used 47170K [0x00000000a0000000, 0x0000000100000000)
  region size 1M, 0 eden (0M), 5 survivor (5M), 38 old (38M), 4 humongous (4M), 50 free (50M)
}
Event: 3.954 {heap Before GC invocations=26 (full 0):
 garbage-first heap   total reserved 1572864K, committed 99328K, used 87106K [0x00000000a0000000, 0x0000000100000000)
  region size 1M, 39 eden (39M), 5 survivor (5M), 38 old (38M), 4 humongous (4M), 11 free (11M)
}
Event: 3.956 {heap After GC invocations=27 (full 0):
 garbage-first heap   total reserved 1572864K, committed 99328K, used 49188K [0x00000000a0000000, 0x0000000100000000)
  region size 1M, 0 eden (0M), 5 survivor (5M), 40 old (40M), 4 humongous (4M), 48 free (48M)
}
Event: 4.210 {heap Before GC invocations=27 (full 0):
 garbage-first heap   total reserved 1572864K, committed 99328K, used 87076K [0x00000000a0000000, 0x0000000100000000)
  region size 1M, 38 eden (38M), 5 survivor (5M), 40 old (40M), 4 humongous (4M), 10 free (10M)
}
Event: 4.213 {heap After GC invocations=28 (full 0):
 garbage-first heap   total reserved 1572864K, committed 99328K, used 53724K [0x00000000a0000000, 0x0000000100000000)
  region size 1M, 0 eden (0M), 6 survivor (6M), 43 old (43M), 4 humongous (4M), 44 free (44M)
}
Event: 4.302 {heap Before GC invocations=28 (full 0):
 garbage-first heap   total reserved 1572864K, committed 99328K, used 87516K [0x00000000a0000000, 0x0000000100000000)
  region size 1M, 34 eden (34M), 6 survivor (6M), 43 old (43M), 4 humongous (4M), 10 free (10M)
}
Event: 4.305 {heap After GC invocations=29 (full 0):
 garbage-first heap   total reserved 1572864K, committed 99328K, used 55964K [0x00000000a0000000, 0x0000000100000000)
  region size 1M, 0 eden (0M), 2 survivor (2M), 49 old (49M), 4 humongous (4M), 42 free (42M)
}
Event: 4.355 {heap Before GC invocations=30 (full 0):
 garbage-first heap   total reserved 1572864K, committed 99328K, used 88732K [0x00000000a0000000, 0x0000000100000000)
  region size 1M, 33 eden (33M), 2 survivor (2M), 49 old (49M), 4 humongous (4M), 9 free (9M)
}
Event: 4.357 {heap After GC invocations=31 (full 0):
 garbage-first heap   total reserved 1572864K, committed 99328K, used 56450K [0x00000000a0000000, 0x0000000100000000)
  region size 1M, 0 eden (0M), 3 survivor (3M), 49 old (49M), 4 humongous (4M), 41 free (41M)
}
Event: 4.470 {heap Before GC invocations=31 (full 0):
 garbage-first heap   total reserved 1572864K, committed 99328K, used 93314K [0x00000000a0000000, 0x0000000100000000)
  region size 1M, 34 eden (34M), 3 survivor (3M), 49 old (49M), 7 humongous (7M), 4 free (4M)
}
Event: 4.473 {heap After GC invocations=32 (full 0):
 garbage-first heap   total reserved 1572864K, committed 101376K, used 61144K [0x00000000a0000000, 0x0000000100000000)
  region size 1M, 0 eden (0M), 5 survivor (5M), 48 old (48M), 7 humongous (7M), 39 free (39M)
}
Event: 4.480 {heap Before GC invocations=32 (full 0):
 garbage-first heap   total reserved 1572864K, committed 101376K, used 63192K [0x00000000a0000000, 0x0000000100000000)
  region size 1M, 3 eden (3M), 5 survivor (5M), 48 old (48M), 7 humongous (7M), 36 free (36M)
}
Event: 4.482 {heap After GC invocations=33 (full 0):
 garbage-first heap   total reserved 1572864K, committed 101376K, used 62968K [0x00000000a0000000, 0x0000000100000000)
  region size 1M, 0 eden (0M), 2 survivor (2M), 53 old (53M), 7 humongous (7M), 37 free (37M)
}
Event: 4.637 {heap Before GC invocations=34 (full 0):
 garbage-first heap   total reserved 1572864K, committed 101376K, used 82424K [0x00000000a0000000, 0x0000000100000000)
  region size 1M, 17 eden (17M), 2 survivor (2M), 53 old (53M), 10 humongous (10M), 17 free (17M)
}
Event: 4.638 {heap After GC invocations=35 (full 0):
 garbage-first heap   total reserved 1572864K, committed 101376K, used 68291K [0x00000000a0000000, 0x0000000100000000)
  region size 1M, 0 eden (0M), 3 survivor (3M), 55 old (55M), 9 humongous (9M), 32 free (32M)
}
Event: 4.703 {heap Before GC invocations=35 (full 0):
 garbage-first heap   total reserved 1572864K, committed 101376K, used 84675K [0x00000000a0000000, 0x0000000100000000)
  region size 1M, 16 eden (16M), 3 survivor (3M), 55 old (55M), 10 humongous (10M), 15 free (15M)
}
Event: 4.704 {heap After GC invocations=36 (full 0):
 garbage-first heap   total reserved 1572864K, committed 101376K, used 69721K [0x00000000a0000000, 0x0000000100000000)
  region size 1M, 0 eden (0M), 2 survivor (2M), 57 old (57M), 10 humongous (10M), 30 free (30M)
}
Event: 4.783 {heap Before GC invocations=36 (full 0):
 garbage-first heap   total reserved 1572864K, committed 101376K, used 85081K [0x00000000a0000000, 0x0000000100000000)
  region size 1M, 16 eden (16M), 2 survivor (2M), 57 old (57M), 10 humongous (10M), 14 free (14M)
}

