# JRE version: OpenJDK Runtime Environment Temurin-21.0.10+7 (21.0.10+7) (build 21.0.10+7-LTS)
# Java VM: OpenJDK 64-Bit Server VM Temurin-21.0.10+7 (21.0.10+7-LTS, mixed mode, sharing, tiered, compressed oops, compressed class ptrs, g1 gc, windows-amd64)
GC Precious Log:
 CardTable entry size: 512
 Card Set container configuration: InlinePtr #cards 5 size 8 Array Of Cards #cards 12 size 40 Howl #buckets 4 coarsen threshold 1843 Howl Bitmap #cards 512 size 80 coarsen threshold 460 Card regions per heap region 1 cards per card region 2048
 CPUs: 28 total, 28 available
 Memory: 16107M
 Large Page Support: Disabled
 NUMA Support: Disabled
 Compressed Oops: Enabled (32-bit)
 Heap Region Size: 1M
 Heap Min Capacity: 8M
 Heap Initial Capacity: 252M
 Heap Max Capacity: 1536M
 Pre-touch: Disabled
 Parallel Workers: 20
 Concurrent Workers: 5
 Concurrent Refinement Workers: 20
 Periodic GC: Disabled
Heap:
 garbage-first heap   total 106496K, used 62840K [0x00000000a0000000, 0x0000000100000000)
  region size 1024K, 19 young (19456K), 6 survivors (6144K)
 Metaspace       used 53932K, committed 55680K, reserved 1114112K
  class space    used 7814K, committed 8704K, reserved 1048576K
GC Heap History (20 events):
Event: 1.123 GC heap before
{Heap before GC invocations=2 (full 0):
 garbage-first heap   total 258048K, used 82455K [0x00000000a0000000, 0x0000000100000000)
  region size 1024K, 73 young (74752K), 5 survivors (5120K)
 Metaspace       used 10015K, committed 10304K, reserved 1114112K
  class space    used 1350K, committed 1472K, reserved 1048576K
}
Event: 1.128 GC heap after
{Heap after GC invocations=3 (full 0):
 garbage-first heap   total 258048K, used 19285K [0x00000000a0000000, 0x0000000100000000)
  region size 1024K, 10 young (10240K), 10 survivors (10240K)
 Metaspace       used 10015K, committed 10304K, reserved 1114112K
  class space    used 1350K, committed 1472K, reserved 1048576K
}
Event: 1.916 GC heap before
{Heap before GC invocations=3 (full 0):
 garbage-first heap   total 258048K, used 87893K [0x00000000a0000000, 0x0000000100000000)
  region size 1024K, 79 young (80896K), 10 survivors (10240K)
 Metaspace       used 20912K, committed 21504K, reserved 1114112K
  class space    used 3080K, committed 3392K, reserved 1048576K
}
Event: 1.922 GC heap after
{Heap after GC invocations=4 (full 0):
 garbage-first heap   total 258048K, used 24252K [0x00000000a0000000, 0x0000000100000000)
  region size 1024K, 15 young (15360K), 15 survivors (15360K)
 Metaspace       used 20912K, committed 21504K, reserved 1114112K
  class space    used 3080K, committed 3392K, reserved 1048576K
}
Event: 2.662 GC heap before
{Heap before GC invocations=5 (full 0):
 garbage-first heap   total 86016K, used 83644K [0x00000000a0000000, 0x0000000100000000)
  region size 1024K, 74 young (75776K), 15 survivors (15360K)
 Metaspace       used 28321K, committed 29248K, reserved 1114112K
  class space    used 4213K, committed 4672K, reserved 1048576K
}
Event: 2.668 GC heap after
{Heap after GC invocations=6 (full 0):
 garbage-first heap   total 106496K, used 29916K [0x00000000a0000000, 0x0000000100000000)
  region size 1024K, 15 young (15360K), 15 survivors (15360K)
 Metaspace       used 28321K, committed 29248K, reserved 1114112K
  class space    used 4213K, committed 4672K, reserved 1048576K
}
Event: 3.231 GC heap before
{Heap before GC invocations=6 (full 0):
 garbage-first heap   total 106496K, used 66780K [0x00000000a0000000, 0x0000000100000000)
  region size 1024K, 53 young (54272K), 15 survivors (15360K)
 Metaspace       used 35131K, committed 36096K, reserved 1114112K
  class space    used 5077K, committed 5568K, reserved 1048576K
}
Event: 3.235 GC heap after
{Heap after GC invocations=7 (full 0):
 garbage-first heap   total 106496K, used 32268K [0x00000000a0000000, 0x0000000100000000)
  region size 1024K, 4 young (4096K), 4 survivors (4096K)
 Metaspace       used 35131K, committed 36096K, reserved 1114112K
  class space    used 5077K, committed 5568K, reserved 1048576K
}
Event: 3.269 GC heap before
{Heap before GC invocations=7 (full 0):
 garbage-first heap   total 106496K, used 35340K [0x00000000a0000000, 0x0000000100000000)
  region size 1024K, 8 young (8192K), 4 survivors (4096K)
 Metaspace       used 35431K, committed 36416K, reserved 1114112K
  class space    used 5100K, committed 5568K, reserved 1048576K
}
Event: 3.270 GC heap after
{Heap after GC invocations=8 (full 0):
 garbage-first heap   total 106496K, used 32986K [0x00000000a0000000, 0x0000000100000000)
  region size 1024K, 5 young (5120K), 5 survivors (5120K)
 Metaspace       used 35431K, committed 36416K, reserved 1114112K
  class space    used 5100K, committed 5568K, reserved 1048576K
}
Event: 3.988 GC heap before
{Heap before GC invocations=9 (full 0):
 garbage-first heap   total 106496K, used 80090K [0x00000000a0000000, 0x0000000100000000)
  region size 1024K, 47 young (48128K), 5 survivors (5120K)
 Metaspace       used 38024K, committed 39168K, reserved 1114112K
  class space    used 5364K, committed 5952K, reserved 1048576K
}
Event: 3.990 GC heap after
{Heap after GC invocations=10 (full 0):
 garbage-first heap   total 106496K, used 37226K [0x00000000a0000000, 0x0000000100000000)
  region size 1024K, 6 young (6144K), 6 survivors (6144K)
 Metaspace       used 38024K, committed 39168K, reserved 1114112K
  class space    used 5364K, committed 5952K, reserved 1048576K
}
Event: 4.411 GC heap before
{Heap before GC invocations=10 (full 0):
 garbage-first heap   total 106496K, used 79210K [0x00000000a0000000, 0x0000000100000000)
  region size 1024K, 47 young (48128K), 6 survivors (6144K)
 Metaspace       used 42381K, committed 43840K, reserved 1114112K
  class space    used 6074K, committed 6784K, reserved 1048576K
}
Event: 4.413 GC heap after
{Heap after GC invocations=11 (full 0):
 garbage-first heap   total 106496K, used 40412K [0x00000000a0000000, 0x0000000100000000)
  region size 1024K, 4 young (4096K), 4 survivors (4096K)
 Metaspace       used 42381K, committed 43840K, reserved 1114112K
  class space    used 6074K, committed 6784K, reserved 1048576K
}
Event: 4.838 GC heap before
{Heap before GC invocations=11 (full 0):
 garbage-first heap   total 106496K, used 82396K [0x00000000a0000000, 0x0000000100000000)
  region size 1024K, 45 young (46080K), 4 survivors (4096K)
 Metaspace       used 46164K, committed 47744K, reserved 1114112K
  class space    used 6661K, committed 7424K, reserved 1048576K
}
Event: 4.840 GC heap after
{Heap after GC invocations=12 (full 0):
 garbage-first heap   total 106496K, used 43693K [0x00000000a0000000, 0x0000000100000000)
  region size 1024K, 4 young (4096K), 4 survivors (4096K)
 Metaspace       used 46164K, committed 47744K, reserved 1114112K
  class space    used 6661K, committed 7424K, reserved 1048576K
}
Event: 5.410 GC heap before
{Heap before GC invocations=12 (full 0):
 garbage-first heap   total 106496K, used 86701K [0x00000000a0000000, 0x0000000100000000)
  region size 1024K, 45 young (46080K), 4 survivors (4096K)
 Metaspace       used 50194K, committed 52032K, reserved 1114112K
  class space    used 7236K, committed 8128K, reserved 1048576K
}
Event: 5.413 GC heap after
{Heap after GC invocations=13 (full 0):
 garbage-first heap   total 106496K, used 46440K [0x00000000a0000000, 0x0000000100000000)
  region size 1024K, 3 young (3072K), 3 survivors (3072K)
 Metaspace       used 50194K, committed 52032K, reserved 1114112K
  class space    used 7236K, committed 8128K, reserved 1048576K
}
Event: 7.065 GC heap before
{Heap before GC invocations=13 (full 0):
 garbage-first heap   total 106496K, used 89448K [0x00000000a0000000, 0x0000000100000000)
  region size 1024K, 45 young (46080K), 3 survivors (3072K)
 Metaspace       used 53435K, committed 55232K, reserved 1114112K
  class space    used 7696K, committed 8576K, reserved 1048576K
}
Event: 7.071 GC heap after
{Heap after GC invocations=14 (full 0):
 garbage-first heap   total 106496K, used 51576K [0x00000000a0000000, 0x0000000100000000)
  region size 1024K, 6 young (6144K), 6 survivors (6144K)
 Metaspace       used 53435K, committed 55232K, reserved 1114112K
  class space    used 7696K, committed 8576K, reserved 1048576K
}

